# JRE version: Java(TM) SE Runtime Environment (21.0.1+12) (build 21.0.1+12-LTS-29)
# Java VM: Java HotSpot(TM) 64-Bit Server VM (21.0.1+12-LTS-29, mixed mode, emulated-client, sharing, tiered, compressed oops, compressed class ptrs, g1 gc, windows-amd64)
GC Precious Log:
 CardTable entry size: 512
 Card Set container configuration: InlinePtr #cards 4 size 8 Array Of Cards #cards 16 size 48 Howl #buckets 8 coarsen threshold 3686 Howl Bitmap #cards 512 size 80 coarsen threshold 460 Card regions per heap region 1 cards per card region 4096
 CPUs: 8 total, 8 available
 Memory: 16383M
 Large Page Support: Disabled
 NUMA Support: Disabled
 Compressed Oops: Enabled (Zero based)
 Heap Region Size: 2M
 Heap Min Capacity: 8M
 Heap Initial Capacity: 256M
 Heap Max Capacity: 4G
 Pre-touch: Disabled
 Parallel Workers: 8
 Concurrent Workers: 2
 Concurrent Refinement Workers: 8
 Periodic GC: Disabled
Heap:
 garbage-first heap   total 75776K, used 59182K [0x0000000700000000, 0x0000000800000000)
  region size 2048K, 11 young (22528K), 2 survivors (4096K)
 Metaspace       used 53163K, committed 54080K, reserved 1114112K
  class space    used 6768K, committed 7168K, reserved 1048576K
GC Heap History (20 events):
Event: 6.227 GC heap before
{Heap before GC invocations=6 (full 0):
 garbage-first heap   total 55296K, used 41414K [0x0000000700000000, 0x0000000800000000)
  region size 2048K, 14 young (28672K), 2 survivors (4096K)
 Metaspace       used 22449K, committed 22848K, reserved 1114112K
  class space    used 2809K, committed 3008K, reserved 1048576K
}
Event: 6.236 GC heap after
{Heap after GC invocations=7 (full 0):
 garbage-first heap   total 55296K, used 18432K [0x0000000700000000, 0x0000000800000000)
  region size 2048K, 2 young (4096K), 2 survivors (4096K)
 Metaspace       used 22449K, committed 22848K, reserved 1114112K
  class space    used 2809K, committed 3008K, reserved 1048576K
}
Event: 6.940 GC heap before
{Heap before GC invocations=7 (full 0):
 garbage-first heap   total 55296K, used 38912K [0x0000000700000000, 0x0000000800000000)
  region size 2048K, 13 young (26624K), 2 survivors (4096K)
 Metaspace       used 26237K, committed 26688K, reserved 1114112K
  class space    used 3375K, committed 3584K, reserved 1048576K
}
Event: 6.952 GC heap after
{Heap after GC invocations=8 (full 0):
 garbage-first heap   total 159744K, used 20415K [0x0000000700000000, 0x0000000800000000)
  region size 2048K, 2 young (4096K), 2 survivors (4096K)
 Metaspace       used 26237K, committed 26688K, reserved 1114112K
  class space    used 3375K, committed 3584K, reserved 1048576K
}
Event: 8.717 GC heap before
{Heap before GC invocations=9 (full 0):
 garbage-first heap   total 75776K, used 61375K [0x0000000700000000, 0x0000000800000000)
  region size 2048K, 22 young (45056K), 2 survivors (4096K)
 Metaspace       used 35083K, committed 35584K, reserved 1114112K
  class space    used 4377K, committed 4608K, reserved 1048576K
}
Event: 8.725 GC heap after
{Heap after GC invocations=10 (full 0):
 garbage-first heap   total 75776K, used 24380K [0x0000000700000000, 0x0000000800000000)
  region size 2048K, 3 young (6144K), 3 survivors (6144K)
 Metaspace       used 35083K, committed 35584K, reserved 1114112K
  class space    used 4377K, committed 4608K, reserved 1048576K
}
Event: 9.896 GC heap before
{Heap before GC invocations=10 (full 0):
 garbage-first heap   total 75776K, used 61244K [0x0000000700000000, 0x0000000800000000)
  region size 2048K, 21 young (43008K), 3 survivors (6144K)
 Metaspace       used 41942K, committed 42496K, reserved 1114112K
  class space    used 5167K, committed 5440K, reserved 1048576K
}
Event: 9.907 GC heap after
{Heap after GC invocations=11 (full 0):
 garbage-first heap   total 75776K, used 29323K [0x0000000700000000, 0x0000000800000000)
  region size 2048K, 3 young (6144K), 3 survivors (6144K)
 Metaspace       used 41942K, committed 42496K, reserved 1114112K
  class space    used 5167K, committed 5440K, reserved 1048576K
}
Event: 10.705 GC heap before
{Heap before GC invocations=11 (full 0):
 garbage-first heap   total 75776K, used 53899K [0x0000000700000000, 0x0000000800000000)
  region size 2048K, 16 young (32768K), 3 survivors (6144K)
 Metaspace       used 43921K, committed 44608K, reserved 1114112K
  class space    used 5451K, committed 5760K, reserved 1048576K
}
Event: 10.712 GC heap after
{Heap after GC invocations=12 (full 0):
 garbage-first heap   total 75776K, used 32841K [0x0000000700000000, 0x0000000800000000)
  region size 2048K, 2 young (4096K), 2 survivors (4096K)
 Metaspace       used 43921K, committed 44608K, reserved 1114112K
  class space    used 5451K, committed 5760K, reserved 1048576K
}
Event: 11.198 GC heap before
{Heap before GC invocations=13 (full 0):
 garbage-first heap   total 75776K, used 59465K [0x0000000700000000, 0x0000000800000000)
  region size 2048K, 16 young (32768K), 2 survivors (4096K)
 Metaspace       used 45393K, committed 46144K, reserved 1114112K
  class space    used 5667K, committed 6016K, reserved 1048576K
}
Event: 11.204 GC heap after
{Heap after GC invocations=14 (full 0):
 garbage-first heap   total 75776K, used 34981K [0x0000000700000000, 0x0000000800000000)
  region size 2048K, 2 young (4096K), 2 survivors (4096K)
 Metaspace       used 45393K, committed 46144K, reserved 1114112K
  class space    used 5667K, committed 6016K, reserved 1048576K
}
Event: 11.749 GC heap before
{Heap before GC invocations=14 (full 0):
 garbage-first heap   total 75776K, used 61605K [0x0000000700000000, 0x0000000800000000)
  region size 2048K, 16 young (32768K), 2 survivors (4096K)
 Metaspace       used 47373K, committed 48192K, reserved 1114112K
  class space    used 6014K, committed 6400K, reserved 1048576K
}
Event: 11.757 GC heap after
{Heap after GC invocations=15 (full 0):
 garbage-first heap   total 75776K, used 37713K [0x0000000700000000, 0x0000000800000000)
  region size 2048K, 2 young (4096K), 2 survivors (4096K)
 Metaspace       used 47373K, committed 48192K, reserved 1114112K
  class space    used 6014K, committed 6400K, reserved 1048576K
}
Event: 13.980 GC heap before
{Heap before GC invocations=15 (full 0):
 garbage-first heap   total 75776K, used 64337K [0x0000000700000000, 0x0000000800000000)
  region size 2048K, 15 young (30720K), 2 survivors (4096K)
 Metaspace       used 48334K, committed 49088K, reserved 1114112K
  class space    used 6189K, committed 6528K, reserved 1048576K
}
Event: 13.985 GC heap after
{Heap after GC invocations=16 (full 0):
 garbage-first heap   total 75776K, used 41561K [0x0000000700000000, 0x0000000800000000)
  region size 2048K, 2 young (4096K), 2 survivors (4096K)
 Metaspace       used 48334K, committed 49088K, reserved 1114112K
  class space    used 6189K, committed 6528K, reserved 1048576K
}
Event: 24.089 GC heap before
{Heap before GC invocations=17 (full 0):
 garbage-first heap   total 75776K, used 62041K [0x0000000700000000, 0x0000000800000000)
  region size 2048K, 13 young (26624K), 2 survivors (4096K)
 Metaspace       used 48361K, committed 49088K, reserved 1114112K
  class space    used 6197K, committed 6528K, reserved 1048576K
}
Event: 24.094 GC heap after
{Heap after GC invocations=18 (full 0):
 garbage-first heap   total 75776K, used 43691K [0x0000000700000000, 0x0000000800000000)
  region size 2048K, 1 young (2048K), 1 survivors (2048K)
 Metaspace       used 48361K, committed 49088K, reserved 1114112K
  class space    used 6197K, committed 6528K, reserved 1048576K
}
Event: 284.236 GC heap before
{Heap before GC invocations=18 (full 0):
 garbage-first heap   total 75776K, used 64171K [0x0000000700000000, 0x0000000800000000)
  region size 2048K, 12 young (24576K), 1 survivors (2048K)
 Metaspace       used 51359K, committed 52224K, reserved 1114112K
  class space    used 6546K, committed 6912K, reserved 1048576K
}
Event: 284.242 GC heap after
{Heap after GC invocations=19 (full 0):
 garbage-first heap   total 75776K, used 44846K [0x0000000700000000, 0x0000000800000000)
  region size 2048K, 2 young (4096K), 2 survivors (4096K)
 Metaspace       used 51359K, committed 52224K, reserved 1114112K
  class space    used 6546K, committed 6912K, reserved 1048576K
}

