# JRE version: Java(TM) SE Runtime Environment (21.0.1+12) (build 21.0.1+12-LTS-29)
# Java VM: Java HotSpot(TM) 64-Bit Server VM (21.0.1+12-LTS-29, mixed mode, emulated-client, sharing, tiered, compressed oops, compressed class ptrs, g1 gc, windows-amd64)
GC Precious Log:
 CardTable entry size: 512
 Card Set container configuration: InlinePtr #cards 4 size 8 Array Of Cards #cards 16 size 48 Howl #buckets 8 coarsen threshold 3686 Howl Bitmap #cards 512 size 80 coarsen threshold 460 Card regions per heap region 1 cards per card region 4096
 CPUs: 8 total, 8 available
 Memory: 16383M
 Large Page Support: Disabled
 NUMA Support: Disabled
 Compressed Oops: Enabled (Zero based)
 Heap Region Size: 2M
 Heap Min Capacity: 8M
 Heap Initial Capacity: 256M
 Heap Max Capacity: 4G
 Pre-touch: Disabled
 Parallel Workers: 8
 Concurrent Workers: 2
 Concurrent Refinement Workers: 8
 Periodic GC: Disabled
Heap:
 garbage-first heap   total 81920K, used 68241K [0x0000000700000000, 0x0000000800000000)
  region size 2048K, 15 young (30720K), 2 survivors (4096K)
 Metaspace       used 53758K, committed 54720K, reserved 1114112K
  class space    used 6877K, committed 7360K, reserved 1048576K
GC Heap History (20 events):
Event: 2.802 GC heap before
{Heap before GC invocations=4 (full 0):
 garbage-first heap   total 55296K, used 39108K [0x0000000700000000, 0x0000000800000000)
  region size 2048K, 16 young (32768K), 3 survivors (6144K)
 Metaspace       used 17125K, committed 17472K, reserved 1114112K
  class space    used 2182K, committed 2368K, reserved 1048576K
}
Event: 2.810 GC heap after
{Heap after GC invocations=5 (full 0):
 garbage-first heap   total 55296K, used 14885K [0x0000000700000000, 0x0000000800000000)
  region size 2048K, 2 young (4096K), 2 survivors (4096K)
 Metaspace       used 17125K, committed 17472K, reserved 1114112K
  class space    used 2182K, committed 2368K, reserved 1048576K
}
Event: 3.313 GC heap before
{Heap before GC invocations=5 (full 0):
 garbage-first heap   total 55296K, used 39461K [0x0000000700000000, 0x0000000800000000)
  region size 2048K, 14 young (28672K), 2 survivors (4096K)
 Metaspace       used 19524K, committed 19904K, reserved 1114112K
  class space    used 2422K, committed 2624K, reserved 1048576K
}
Event: 3.323 GC heap after
{Heap after GC invocations=6 (full 0):
 garbage-first heap   total 159744K, used 17408K [0x0000000700000000, 0x0000000800000000)
  region size 2048K, 2 young (4096K), 2 survivors (4096K)
 Metaspace       used 19524K, committed 19904K, reserved 1114112K
  class space    used 2422K, committed 2624K, reserved 1048576K
}
Event: 4.402 GC heap before
{Heap before GC invocations=6 (full 0):
 garbage-first heap   total 159744K, used 64512K [0x0000000700000000, 0x0000000800000000)
  region size 2048K, 26 young (53248K), 2 survivors (4096K)
 Metaspace       used 27356K, committed 27840K, reserved 1114112K
  class space    used 3524K, committed 3712K, reserved 1048576K
}
Event: 4.418 GC heap after
{Heap after GC invocations=7 (full 0):
 garbage-first heap   total 159744K, used 20961K [0x0000000700000000, 0x0000000800000000)
  region size 2048K, 3 young (6144K), 3 survivors (6144K)
 Metaspace       used 27356K, committed 27840K, reserved 1114112K
  class space    used 3524K, committed 3712K, reserved 1048576K
}
Event: 5.709 GC heap before
{Heap before GC invocations=8 (full 0):
 garbage-first heap   total 81920K, used 63969K [0x0000000700000000, 0x0000000800000000)
  region size 2048K, 24 young (49152K), 3 survivors (6144K)
 Metaspace       used 36073K, committed 36672K, reserved 1114112K
  class space    used 4525K, committed 4800K, reserved 1048576K
}
Event: 5.726 GC heap after
{Heap after GC invocations=9 (full 0):
 garbage-first heap   total 81920K, used 25374K [0x0000000700000000, 0x0000000800000000)
  region size 2048K, 3 young (6144K), 3 survivors (6144K)
 Metaspace       used 36073K, committed 36672K, reserved 1114112K
  class space    used 4525K, committed 4800K, reserved 1048576K
}
Event: 6.937 GC heap before
{Heap before GC invocations=9 (full 0):
 garbage-first heap   total 81920K, used 62238K [0x0000000700000000, 0x0000000800000000)
  region size 2048K, 22 young (45056K), 3 survivors (6144K)
 Metaspace       used 42922K, committed 43520K, reserved 1114112K
  class space    used 5318K, committed 5568K, reserved 1048576K
}
Event: 6.945 GC heap after
{Heap after GC invocations=10 (full 0):
 garbage-first heap   total 81920K, used 30196K [0x0000000700000000, 0x0000000800000000)
  region size 2048K, 3 young (6144K), 3 survivors (6144K)
 Metaspace       used 42922K, committed 43520K, reserved 1114112K
  class space    used 5318K, committed 5568K, reserved 1048576K
}
Event: 7.575 GC heap before
{Heap before GC invocations=10 (full 0):
 garbage-first heap   total 81920K, used 65012K [0x0000000700000000, 0x0000000800000000)
  region size 2048K, 20 young (40960K), 3 survivors (6144K)
 Metaspace       used 45146K, committed 45952K, reserved 1114112K
  class space    used 5638K, committed 6016K, reserved 1048576K
}
Event: 7.583 GC heap after
{Heap after GC invocations=11 (full 0):
 garbage-first heap   total 81920K, used 34250K [0x0000000700000000, 0x0000000800000000)
  region size 2048K, 2 young (4096K), 2 survivors (4096K)
 Metaspace       used 45146K, committed 45952K, reserved 1114112K
  class space    used 5638K, committed 6016K, reserved 1048576K
}
Event: 7.819 GC heap before
{Heap before GC invocations=11 (full 0):
 garbage-first heap   total 81920K, used 48586K [0x0000000700000000, 0x0000000800000000)
  region size 2048K, 10 young (20480K), 2 survivors (4096K)
 Metaspace       used 45941K, committed 46720K, reserved 1114112K
  class space    used 5746K, committed 6144K, reserved 1048576K
}
Event: 7.824 GC heap after
{Heap after GC invocations=12 (full 0):
 garbage-first heap   total 81920K, used 35942K [0x0000000700000000, 0x0000000800000000)
  region size 2048K, 1 young (2048K), 1 survivors (2048K)
 Metaspace       used 45941K, committed 46720K, reserved 1114112K
  class space    used 5746K, committed 6144K, reserved 1048576K
}
Event: 8.410 GC heap before
{Heap before GC invocations=13 (full 0):
 garbage-first heap   total 81920K, used 68710K [0x0000000700000000, 0x0000000800000000)
  region size 2048K, 17 young (34816K), 1 survivors (2048K)
 Metaspace       used 48101K, committed 48896K, reserved 1114112K
  class space    used 6153K, committed 6528K, reserved 1048576K
}
Event: 8.415 GC heap after
{Heap after GC invocations=14 (full 0):
 garbage-first heap   total 81920K, used 38819K [0x0000000700000000, 0x0000000800000000)
  region size 2048K, 3 young (6144K), 3 survivors (6144K)
 Metaspace       used 48101K, committed 48896K, reserved 1114112K
  class space    used 6153K, committed 6528K, reserved 1048576K
}
Event: 9.792 GC heap before
{Heap before GC invocations=14 (full 0):
 garbage-first heap   total 81920K, used 67491K [0x0000000700000000, 0x0000000800000000)
  region size 2048K, 18 young (36864K), 3 survivors (6144K)
 Metaspace       used 52230K, committed 53184K, reserved 1114112K
  class space    used 6656K, committed 7104K, reserved 1048576K
}
Event: 9.800 GC heap after
{Heap after GC invocations=15 (full 0):
 garbage-first heap   total 81920K, used 41852K [0x0000000700000000, 0x0000000800000000)
  region size 2048K, 3 young (6144K), 3 survivors (6144K)
 Metaspace       used 52230K, committed 53184K, reserved 1114112K
  class space    used 6656K, committed 7104K, reserved 1048576K
}
Event: 20.901 GC heap before
{Heap before GC invocations=15 (full 0):
 garbage-first heap   total 81920K, used 70524K [0x0000000700000000, 0x0000000800000000)
  region size 2048K, 17 young (34816K), 3 survivors (6144K)
 Metaspace       used 52420K, committed 53376K, reserved 1114112K
  class space    used 6682K, committed 7104K, reserved 1048576K
}
Event: 20.907 GC heap after
{Heap after GC invocations=16 (full 0):
 garbage-first heap   total 81920K, used 45713K [0x0000000700000000, 0x0000000800000000)
  region size 2048K, 2 young (4096K), 2 survivors (4096K)
 Metaspace       used 52420K, committed 53376K, reserved 1114112K
  class space    used 6682K, committed 7104K, reserved 1048576K
}

